<?xml version="1.0" encoding="UTF-8"?>
<coverage generated="1787352913964" clover="3.2.0">
  <project timestamp="1787352913964" name="All files">
    <metrics statements="35" coveredstatements="32" conditionals="13" coveredconditionals="11" methods="8" coveredmethods="6" elements="56" coveredelements="49" complexity="0" loc="35" ncloc="35" packages="3" files="3" classes="3"/>
    <package name="models">
      <metrics statements="4" coveredstatements="4" conditionals="6" coveredconditionals="6" methods="1" coveredmethods="1"/>
      <file name="ExamModel.ts" path="C:\sgp-catolica-next\src\models\ExamModel.ts">
        <metrics statements="4" coveredstatements="4" conditionals="6" coveredconditionals="6" methods="1" coveredmethods="1"/>
        <line num="3" count="8" type="stmt"/>
        <line num="10" count="8" type="stmt"/>
        <line num="11" count="8" type="cond" truecount="4" falsecount="0"/>
        <line num="15" count="8" type="stmt"/>
      </file>
    </package>
    <package name="repositories">
      <metrics statements="5" coveredstatements="3" conditionals="0" coveredconditionals="0" methods="2" coveredmethods="0"/>
      <file name="ExamRepository.ts" path="C:\sgp-catolica-next\src\repositories\ExamRepository.ts">
        <metrics statements="5" coveredstatements="3" conditionals="0" coveredconditionals="0" methods="2" coveredmethods="0"/>
        <line num="3" count="7" type="stmt"/>
        <line num="4" count="7" type="stmt"/>
        <line num="11" count="7" type="stmt"/>
        <line num="49" count="0" type="stmt"/>
        <line num="53" count="0" type="stmt"/>
      </file>
    </package>
    <package name="services">
      <metrics statements="26" coveredstatements="25" conditionals="7" coveredconditionals="5" methods="5" coveredmethods="5"/>
      <file name="ExamService.ts" path="C:\sgp-catolica-next\src\services\ExamService.ts">
        <metrics statements="26" coveredstatements="25" conditionals="7" coveredconditionals="5" methods="5" coveredmethods="5"/>
        <line num="1" count="1" type="stmt"/>
        <line num="2" count="1" type="stmt"/>
        <line num="5" count="7" type="stmt"/>
        <line num="6" count="7" type="cond" truecount="0" falsecount="1"/>
        <line num="10" count="4" type="stmt"/>
        <line num="11" count="4" type="stmt"/>
        <line num="15" count="4" type="stmt"/>
        <line num="16" count="18" type="stmt"/>
        <line num="17" count="18" type="stmt"/>
        <line num="18" count="18" type="stmt"/>
        <line num="19" count="18" type="stmt"/>
        <line num="20" count="18" type="stmt"/>
        <line num="22" count="4" type="stmt"/>
        <line num="26" count="5" type="stmt"/>
        <line num="27" count="5" type="stmt"/>
        <line num="29" count="5" type="cond" truecount="1" falsecount="0"/>
        <line num="30" count="1" type="stmt"/>
        <line num="33" count="4" type="stmt"/>
        <line num="34" count="8" type="stmt"/>
        <line num="36" count="8" type="cond" truecount="0" falsecount="1"/>
        <line num="37" count="0" type="stmt"/>
        <line num="40" count="8" type="cond" truecount="1" falsecount="0"/>
        <line num="41" count="2" type="stmt"/>
        <line num="42" count="4" type="cond" truecount="3" falsecount="0"/>
        <line num="43" count="2" type="stmt"/>
        <line num="48" count="8" type="stmt"/>
      </file>
    </package>
  </project>
</coverage>
