{"C:\\sgp-catolica-next\\src\\models\\ExamModel.ts": {"path":"C:\\sgp-catolica-next\\src\\models\\ExamModel.ts","statementMap":{"0":{"start":{"line":3,"column":13},"end":{"line":3,"column":null}},"1":{"start":{"line":10,"column":26},"end":{"line":10,"column":null}},"2":{"start":{"line":11,"column":22},"end":{"line":13,"column":45}},"3":{"start":{"line":15,"column":4},"end":{"line":21,"column":null}}},"fnMap":{"0":{"name":"(anonymous_1)","decl":{"start":{"line":4,"column":2},"end":{"line":4,"column":9}},"loc":{"start":{"line":9,"column":23},"end":{"line":22,"column":null}}}},"branchMap":{"0":{"loc":{"start":{"line":11,"column":22},"end":{"line":13,"column":45}},"type":"cond-expr","locations":[{"start":{"line":12,"column":8},"end":{"line":12,"column":61}},{"start":{"line":13,"column":8},"end":{"line":13,"column":45}}]},"1":{"loc":{"start":{"line":11,"column":22},"end":{"line":11,"column":null}},"type":"binary-expr","locations":[{"start":{"line":11,"column":22},"end":{"line":11,"column":54}},{"start":{"line":11,"column":58},"end":{"line":11,"column":null}}]},"2":{"loc":{"start":{"line":18,"column":15},"end":{"line":18,"column":null}},"type":"cond-expr","locations":[{"start":{"line":18,"column":50},"end":{"line":18,"column":60}},{"start":{"line":18,"column":60},"end":{"line":18,"column":null}}]}},"s":{"0":8,"1":8,"2":8,"3":8},"f":{"0":8},"b":{"0":[6,2],"1":[8,6],"2":[6,2]}}
,"C:\\sgp-catolica-next\\src\\repositories\\ExamRepository.ts": {"path":"C:\\sgp-catolica-next\\src\\repositories\\ExamRepository.ts","statementMap":{"0":{"start":{"line":3,"column":13},"end":{"line":3,"column":null}},"1":{"start":{"line":49,"column":4},"end":{"line":49,"column":null}},"2":{"start":{"line":53,"column":4},"end":{"line":53,"column":null}},"3":{"start":{"line":4,"column":10},"end":{"line":9,"column":null}},"4":{"start":{"line":11,"column":10},"end":{"line":46,"column":null}}},"fnMap":{"0":{"name":"(anonymous_1)","decl":{"start":{"line":48,"column":2},"end":{"line":48,"column":8}},"loc":{"start":{"line":48,"column":42},"end":{"line":50,"column":null}}},"1":{"name":"(anonymous_2)","decl":{"start":{"line":52,"column":2},"end":{"line":52,"column":8}},"loc":{"start":{"line":52,"column":44},"end":{"line":54,"column":null}}}},"branchMap":{},"s":{"0":7,"1":0,"2":0,"3":7,"4":7},"f":{"0":0,"1":0},"b":{}}
,"C:\\sgp-catolica-next\\src\\services\\ExamService.ts": {"path":"C:\\sgp-catolica-next\\src\\services\\ExamService.ts","statementMap":{"0":{"start":{"line":5,"column":13},"end":{"line":5,"column":null}},"1":{"start":{"line":1,"column":31},"end":{"line":1,"column":null}},"2":{"start":{"line":2,"column":26},"end":{"line":2,"column":null}},"3":{"start":{"line":6,"column":22},"end":{"line":6,"column":55}},"4":{"start":{"line":10,"column":17},"end":{"line":10,"column":null}},"5":{"start":{"line":11,"column":23},"end":{"line":11,"column":34}},"6":{"start":{"line":15,"column":4},"end":{"line":21,"column":null}},"7":{"start":{"line":16,"column":6},"end":{"line":16,"column":null}},"8":{"start":{"line":17,"column":6},"end":{"line":17,"column":null}},"9":{"start":{"line":18,"column":6},"end":{"line":18,"column":null}},"10":{"start":{"line":19,"column":6},"end":{"line":19,"column":null}},"11":{"start":{"line":20,"column":6},"end":{"line":20,"column":null}},"12":{"start":{"line":22,"column":4},"end":{"line":22,"column":null}},"13":{"start":{"line":26,"column":21},"end":{"line":26,"column":null}},"14":{"start":{"line":27,"column":26},"end":{"line":27,"column":null}},"15":{"start":{"line":29,"column":4},"end":{"line":31,"column":null}},"16":{"start":{"line":30,"column":6},"end":{"line":30,"column":null}},"17":{"start":{"line":33,"column":4},"end":{"line":49,"column":null}},"18":{"start":{"line":34,"column":29},"end":{"line":34,"column":null}},"19":{"start":{"line":36,"column":6},"end":{"line":38,"column":null}},"20":{"start":{"line":37,"column":8},"end":{"line":37,"column":null}},"21":{"start":{"line":40,"column":6},"end":{"line":46,"column":null}},"22":{"start":{"line":41,"column":8},"end":{"line":45,"column":null}},"23":{"start":{"line":42,"column":10},"end":{"line":44,"column":null}},"24":{"start":{"line":43,"column":12},"end":{"line":43,"column":null}},"25":{"start":{"line":48,"column":6},"end":{"line":48,"column":null}}},"fnMap":{"0":{"name":"(anonymous_1)","decl":{"start":{"line":6,"column":2},"end":{"line":6,"column":14}},"loc":{"start":{"line":6,"column":77},"end":{"line":6,"column":null}}},"1":{"name":"(anonymous_2)","decl":{"start":{"line":9,"column":9},"end":{"line":9,"column":25}},"loc":{"start":{"line":9,"column":56},"end":{"line":23,"column":null}}},"2":{"name":"(anonymous_3)","decl":{"start":{"line":25,"column":2},"end":{"line":25,"column":8}},"loc":{"start":{"line":25,"column":83},"end":{"line":50,"column":null}}},"3":{"name":"(anonymous_4)","decl":{"start":{"line":33,"column":24},"end":{"line":33,"column":25}},"loc":{"start":{"line":33,"column":34},"end":{"line":49,"column":null}}},"4":{"name":"(anonymous_5)","decl":{"start":{"line":41,"column":33},"end":{"line":41,"column":34}},"loc":{"start":{"line":41,"column":37},"end":{"line":45,"column":null}}}},"branchMap":{"0":{"loc":{"start":{"line":6,"column":14},"end":{"line":6,"column":75}},"type":"default-arg","locations":[{"start":{"line":6,"column":55},"end":{"line":6,"column":75}}]},"1":{"loc":{"start":{"line":29,"column":4},"end":{"line":31,"column":null}},"type":"if","locations":[{"start":{"line":29,"column":4},"end":{"line":31,"column":null}}]},"2":{"loc":{"start":{"line":36,"column":6},"end":{"line":38,"column":null}},"type":"if","locations":[{"start":{"line":36,"column":6},"end":{"line":38,"column":null}}]},"3":{"loc":{"start":{"line":40,"column":6},"end":{"line":46,"column":null}},"type":"if","locations":[{"start":{"line":40,"column":6},"end":{"line":46,"column":null}}]},"4":{"loc":{"start":{"line":42,"column":10},"end":{"line":44,"column":null}},"type":"if","locations":[{"start":{"line":42,"column":10},"end":{"line":44,"column":null}}]},"5":{"loc":{"start":{"line":42,"column":14},"end":{"line":42,"column":53}},"type":"binary-expr","locations":[{"start":{"line":42,"column":14},"end":{"line":42,"column":39}},{"start":{"line":42,"column":39},"end":{"line":42,"column":53}}]}},"s":{"0":7,"1":1,"2":1,"3":7,"4":4,"5":4,"6":4,"7":18,"8":18,"9":18,"10":18,"11":18,"12":4,"13":5,"14":5,"15":5,"16":1,"17":4,"18":8,"19":8,"20":0,"21":8,"22":2,"23":4,"24":2,"25":8},"f":{"0":7,"1":4,"2":5,"3":8,"4":4},"b":{"0":[0],"1":[1],"2":[0],"3":[2],"4":[2],"5":[4,2]}}
}
