TN:
SF:src\models\ExamModel.ts
FN:4,(anonymous_1)
FNF:1
FNH:1
FNDA:8,(anonymous_1)
DA:3,8
DA:10,8
DA:11,8
DA:15,8
LF:4
LH:4
BRDA:11,0,0,6
BRDA:11,0,1,2
BRDA:11,1,0,8
BRDA:11,1,1,6
BRDA:18,2,0,6
BRDA:18,2,1,2
BRF:6
BRH:6
end_of_record
TN:
SF:src\repositories\ExamRepository.ts
FN:48,(anonymous_1)
FN:52,(anonymous_2)
FNF:2
FNH:0
FNDA:0,(anonymous_1)
FNDA:0,(anonymous_2)
DA:3,7
DA:4,7
DA:11,7
DA:49,0
DA:53,0
LF:5
LH:3
BRF:0
BRH:0
end_of_record
TN:
SF:src\services\ExamService.ts
FN:6,(anonymous_1)
FN:9,(anonymous_2)
FN:25,(anonymous_3)
FN:33,(anonymous_4)
FN:41,(anonymous_5)
FNF:5
FNH:5
FNDA:7,(anonymous_1)
FNDA:4,(anonymous_2)
FNDA:5,(anonymous_3)
FNDA:8,(anonymous_4)
FNDA:4,(anonymous_5)
DA:1,1
DA:2,1
DA:5,7
DA:6,7
DA:10,4
DA:11,4
DA:15,4
DA:16,18
DA:17,18
DA:18,18
DA:19,18
DA:20,18
DA:22,4
DA:26,5
DA:27,5
DA:29,5
DA:30,1
DA:33,4
DA:34,8
DA:36,8
DA:37,0
DA:40,8
DA:41,2
DA:42,4
DA:43,2
DA:48,8
LF:26
LH:25
BRDA:6,0,0,0
BRDA:29,1,0,1
BRDA:36,2,0,0
BRDA:40,3,0,2
BRDA:42,4,0,2
BRDA:42,5,0,4
BRDA:42,5,1,2
BRF:7
BRH:5
end_of_record
